# JRE version: Java(TM) SE Runtime Environment (21.0.4+8) (build 21.0.4+8-LTS-274)
# Java VM: Java HotSpot(TM) 64-Bit Server VM (21.0.4+8-LTS-274, mixed mode, sharing, tiered, compressed oops, compressed class ptrs, g1 gc, windows-amd64)
GC Precious Log:
 CardTable entry size: 512
 Card Set container configuration: InlinePtr #cards 5 size 8 Array Of Cards #cards 12 size 40 Howl #buckets 4 coarsen threshold 1843 Howl Bitmap #cards 512 size 80 coarsen threshold 460 Card regions per heap region 1 cards per card region 2048
 CPUs: 4 total, 4 available
 Memory: 7991M
 Large Page Support: Disabled
 NUMA Support: Disabled
 Compressed Oops: Enabled (32-bit)
 Heap Region Size: 1M
 Heap Min Capacity: 256M
 Heap Initial Capacity: 256M
 Heap Max Capacity: 512M
 Pre-touch: Disabled
 Parallel Workers: 4
 Concurrent Workers: 1
 Concurrent Refinement Workers: 4
 Periodic GC: Disabled
Heap:
 garbage-first heap   total 262144K, used 151317K [0x00000000e0000000, 0x0000000100000000)
  region size 1024K, 97 young (99328K), 10 survivors (10240K)
 Metaspace       used 67282K, committed 69120K, reserved 393216K
  class space    used 9649K, committed 10560K, reserved 327680K
GC Heap History (20 events):
Event: 0.468 GC heap before
{Heap before GC invocations=0 (full 0):
 garbage-first heap   total 262144K, used 12288K [0x00000000e0000000, 0x0000000100000000)
  region size 1024K, 13 young (13312K), 0 survivors (0K)
 Metaspace       used 1004K, committed 1152K, reserved 393216K
  class space    used 80K, committed 128K, reserved 327680K
}
Event: 0.471 GC heap after
{Heap after GC invocations=1 (full 0):
 garbage-first heap   total 262144K, used 3072K [0x00000000e0000000, 0x0000000100000000)
  region size 1024K, 2 young (2048K), 2 survivors (2048K)
 Metaspace       used 1004K, committed 1152K, reserved 393216K
  class space    used 80K, committed 128K, reserved 327680K
}
Event: 0.969 GC heap before
{Heap before GC invocations=1 (full 0):
 garbage-first heap   total 262144K, used 27648K [0x00000000e0000000, 0x0000000100000000)
  region size 1024K, 23 young (23552K), 2 survivors (2048K)
 Metaspace       used 4121K, committed 4352K, reserved 393216K
  class space    used 506K, committed 640K, reserved 327680K
}
Event: 0.972 GC heap after
{Heap after GC invocations=2 (full 0):
 garbage-first heap   total 262144K, used 10840K [0x00000000e0000000, 0x0000000100000000)
  region size 1024K, 3 young (3072K), 3 survivors (3072K)
 Metaspace       used 4121K, committed 4352K, reserved 393216K
  class space    used 506K, committed 640K, reserved 327680K
}
Event: 1.274 GC heap before
{Heap before GC invocations=2 (full 0):
 garbage-first heap   total 262144K, used 38488K [0x00000000e0000000, 0x0000000100000000)
  region size 1024K, 30 young (30720K), 3 survivors (3072K)
 Metaspace       used 4242K, committed 4416K, reserved 393216K
  class space    used 509K, committed 640K, reserved 327680K
}
Event: 1.276 GC heap after
{Heap after GC invocations=3 (full 0):
 garbage-first heap   total 262144K, used 15522K [0x00000000e0000000, 0x0000000100000000)
  region size 1024K, 4 young (4096K), 4 survivors (4096K)
 Metaspace       used 4242K, committed 4416K, reserved 393216K
  class space    used 509K, committed 640K, reserved 327680K
}
Event: 3.303 GC heap before
{Heap before GC invocations=3 (full 0):
 garbage-first heap   total 262144K, used 109730K [0x00000000e0000000, 0x0000000100000000)
  region size 1024K, 97 young (99328K), 4 survivors (4096K)
 Metaspace       used 20790K, committed 21504K, reserved 393216K
  class space    used 3048K, committed 3392K, reserved 327680K
}
Event: 3.316 GC heap after
{Heap after GC invocations=4 (full 0):
 garbage-first heap   total 262144K, used 23063K [0x00000000e0000000, 0x0000000100000000)
  region size 1024K, 12 young (12288K), 12 survivors (12288K)
 Metaspace       used 20790K, committed 21504K, reserved 393216K
  class space    used 3048K, committed 3392K, reserved 327680K
}
Event: 4.842 GC heap before
{Heap before GC invocations=5 (full 0):
 garbage-first heap   total 262144K, used 127511K [0x00000000e0000000, 0x0000000100000000)
  region size 1024K, 115 young (117760K), 12 survivors (12288K)
 Metaspace       used 34515K, committed 35712K, reserved 393216K
  class space    used 4947K, committed 5568K, reserved 327680K
}
Event: 4.859 GC heap after
{Heap after GC invocations=6 (full 0):
 garbage-first heap   total 262144K, used 31229K [0x00000000e0000000, 0x0000000100000000)
  region size 1024K, 15 young (15360K), 15 survivors (15360K)
 Metaspace       used 34515K, committed 35712K, reserved 393216K
  class space    used 4947K, committed 5568K, reserved 327680K
}
Event: 4.909 GC heap before
{Heap before GC invocations=6 (full 0):
 garbage-first heap   total 262144K, used 34301K [0x00000000e0000000, 0x0000000100000000)
  region size 1024K, 19 young (19456K), 15 survivors (15360K)
 Metaspace       used 34769K, committed 35968K, reserved 393216K
  class space    used 4975K, committed 5568K, reserved 327680K
}
Event: 4.922 GC heap after
{Heap after GC invocations=7 (full 0):
 garbage-first heap   total 262144K, used 32256K [0x00000000e0000000, 0x0000000100000000)
  region size 1024K, 9 young (9216K), 9 survivors (9216K)
 Metaspace       used 34769K, committed 35968K, reserved 393216K
  class space    used 4975K, committed 5568K, reserved 327680K
}
Event: 4.937 GC heap before
{Heap before GC invocations=7 (full 0):
 garbage-first heap   total 262144K, used 38400K [0x00000000e0000000, 0x0000000100000000)
  region size 1024K, 11 young (11264K), 9 survivors (9216K)
 Metaspace       used 35030K, committed 36288K, reserved 393216K
  class space    used 4983K, committed 5632K, reserved 327680K
}
Event: 4.944 GC heap after
{Heap after GC invocations=8 (full 0):
 garbage-first heap   total 262144K, used 33792K [0x00000000e0000000, 0x0000000100000000)
  region size 1024K, 8 young (8192K), 8 survivors (8192K)
 Metaspace       used 35030K, committed 36288K, reserved 393216K
  class space    used 4983K, committed 5632K, reserved 327680K
}
Event: 6.879 GC heap before
{Heap before GC invocations=9 (full 0):
 garbage-first heap   total 262144K, used 183296K [0x00000000e0000000, 0x0000000100000000)
  region size 1024K, 153 young (156672K), 8 survivors (8192K)
 Metaspace       used 51931K, committed 53760K, reserved 393216K
  class space    used 7556K, committed 8448K, reserved 327680K
}
Event: 6.897 GC heap after
{Heap after GC invocations=10 (full 0):
 garbage-first heap   total 262144K, used 41472K [0x00000000e0000000, 0x0000000100000000)
  region size 1024K, 18 young (18432K), 18 survivors (18432K)
 Metaspace       used 51931K, committed 53760K, reserved 393216K
  class space    used 7556K, committed 8448K, reserved 327680K
}
Event: 8.665 GC heap before
{Heap before GC invocations=10 (full 0):
 garbage-first heap   total 262144K, used 140800K [0x00000000e0000000, 0x0000000100000000)
  region size 1024K, 104 young (106496K), 18 survivors (18432K)
 Metaspace       used 59772K, committed 61568K, reserved 393216K
  class space    used 8654K, committed 9536K, reserved 327680K
}
Event: 8.686 GC heap after
{Heap after GC invocations=11 (full 0):
 garbage-first heap   total 262144K, used 62045K [0x00000000e0000000, 0x0000000100000000)
  region size 1024K, 19 young (19456K), 19 survivors (19456K)
 Metaspace       used 59772K, committed 61568K, reserved 393216K
  class space    used 8654K, committed 9536K, reserved 327680K
}
Event: 8.745 GC heap before
{Heap before GC invocations=11 (full 0):
 garbage-first heap   total 262144K, used 66141K [0x00000000e0000000, 0x0000000100000000)
  region size 1024K, 24 young (24576K), 19 survivors (19456K)
 Metaspace       used 60099K, committed 61888K, reserved 393216K
  class space    used 8696K, committed 9600K, reserved 327680K
}
Event: 8.761 GC heap after
{Heap after GC invocations=12 (full 0):
 garbage-first heap   total 262144K, used 63253K [0x00000000e0000000, 0x0000000100000000)
  region size 1024K, 10 young (10240K), 10 survivors (10240K)
 Metaspace       used 60099K, committed 61888K, reserved 393216K
  class space    used 8696K, committed 9600K, reserved 327680K
}

